Fri Feb 28 08:12:56 2020 Server started.
Fri Feb 28 08:12:56 2020 Server listening on IP 127.0.0.1' port '9999'
Fri Feb 28 08:13:19 2020 Connect to SID ds3 failed when trying to send data. Retrying. Msg: TCP Connection failed!
Fri Feb 28 08:13:19 2020 Bad encyrption from the server. Node:ds2

Fri Feb 28 08:13:19 2020 Node ID 'ds2' lost connection.
Fri Feb 28 08:13:21 2020 Connection from IP address '127.0.0.1'.
Fri Feb 28 08:13:21 2020 Tried to receive random bytes. Failed. Node:ds2

Fri Feb 28 08:13:21 2020 Replication data possibly corrupted fromds2

Fri Feb 28 08:13:21 2020 Node ID 'ds2' lost connection.
Fri Feb 28 08:13:24 2020 Connect to SID ds3 failed when trying to send data. Msg: TCP Connection failed!
Fri Feb 28 08:13:29 2020 Connect to SID ds3 failed when trying to send data. Msg: TCP Connection failed!
Fri Feb 28 08:13:34 2020 Connect to SID ds3 failed when trying to send data. Msg: TCP Connection failed!
Fri Feb 28 08:13:39 2020 Connect to SID ds3 failed when trying to send data. Msg: TCP Connection failed!
Fri Feb 28 08:13:44 2020 Connect to SID ds3 failed when trying to send data. Msg: TCP Connection failed!
Fri Feb 28 08:13:49 2020 Connect to SID ds3 failed when trying to send data. Msg: TCP Connection failed!
Fri Feb 28 08:13:54 2020 Connect to SID ds3 failed when trying to send data. Msg: TCP Connection failed!
Fri Feb 28 08:13:59 2020 Connect to SID ds3 failed when trying to send data. Msg: TCP Connection failed!
Fri Feb 28 08:14:04 2020 Connect to SID ds3 failed when trying to send data. Msg: TCP Connection failed!
Fri Feb 28 08:14:09 2020 Connect to SID ds3 failed when trying to send data. Msg: TCP Connection failed!
Fri Feb 28 08:14:14 2020 Connect to SID ds3 failed when trying to send data. Msg: TCP Connection failed!
Fri Feb 28 08:14:19 2020 Connect to SID ds3 failed when trying to send data. Msg: TCP Connection failed!
Fri Feb 28 08:14:24 2020 Connect to SID ds3 failed when trying to send data. Msg: TCP Connection failed!
Fri Feb 28 08:14:29 2020 Connect to SID ds3 failed when trying to send data. Msg: TCP Connection failed!
Fri Feb 28 08:14:34 2020 Connect to SID ds3 failed when trying to send data. Msg: TCP Connection failed!
Fri Feb 28 08:14:39 2020 Connect to SID ds3 failed when trying to send data. Msg: TCP Connection failed!
Fri Feb 28 08:14:44 2020 Connect to SID ds3 failed when trying to send data. Msg: TCP Connection failed!
Fri Feb 28 08:14:49 2020 Connect to SID ds3 failed when trying to send data. Msg: TCP Connection failed!
Fri Feb 28 08:14:54 2020 Connect to SID ds3 failed when trying to send data. Msg: TCP Connection failed!
Fri Feb 28 08:14:59 2020 Connect to SID ds3 failed when trying to send data. Msg: TCP Connection failed!
Fri Feb 28 08:15:04 2020 Connect to SID ds3 failed when trying to send data. Msg: TCP Connection failed!
Fri Feb 28 08:15:09 2020 Connect to SID ds3 failed when trying to send data. Msg: TCP Connection failed!
Fri Feb 28 08:15:14 2020 Connect to SID ds3 failed when trying to send data. Msg: TCP Connection failed!
Fri Feb 28 08:15:19 2020 Connect to SID ds3 failed when trying to send data. Msg: TCP Connection failed!
Fri Feb 28 08:15:24 2020 Connect to SID ds3 failed when trying to send data. Msg: TCP Connection failed!
Fri Feb 28 08:15:29 2020 Connect to SID ds3 failed when trying to send data. Msg: TCP Connection failed!
Fri Feb 28 08:15:34 2020 Connect to SID ds3 failed when trying to send data. Msg: TCP Connection failed!
Fri Feb 28 08:15:39 2020 Connect to SID ds3 failed when trying to send data. Msg: TCP Connection failed!
Fri Feb 28 08:17:17 2020 Connect to SID ds3 failed when trying to send data. Msg: TCP Connection failed!
Fri Feb 28 08:17:22 2020 Connect to SID ds3 failed when trying to send data. Msg: TCP Connection failed!
