Fri Feb 28 08:12:58 2020 Server started.
Fri Feb 28 08:12:58 2020 Server listening on IP 127.0.0.1' port '9998'
Fri Feb 28 08:13:19 2020 Connection from IP address '127.0.0.1'.
Fri Feb 28 08:13:19 2020 Tried to receive random bytes. Failed. Node:ds1

Fri Feb 28 08:13:19 2020 Replication data possibly corrupted fromds1

Fri Feb 28 08:13:19 2020 Node ID 'ds1' lost connection.
Fri Feb 28 08:13:21 2020 Connect to SID ds3 failed when trying to send data. Retrying. Msg: TCP Connection failed!
Fri Feb 28 08:13:21 2020 Bad encyrption from the server. Node:ds1

Fri Feb 28 08:13:21 2020 Node ID 'ds1' lost connection.
Fri Feb 28 08:13:26 2020 Connect to SID ds3 failed when trying to send data. Msg: TCP Connection failed!
Fri Feb 28 08:13:31 2020 Connect to SID ds3 failed when trying to send data. Msg: TCP Connection failed!
Fri Feb 28 08:13:36 2020 Connect to SID ds3 failed when trying to send data. Msg: TCP Connection failed!
Fri Feb 28 08:13:41 2020 Connect to SID ds3 failed when trying to send data. Msg: TCP Connection failed!
Fri Feb 28 08:13:46 2020 Connect to SID ds3 failed when trying to send data. Msg: TCP Connection failed!
Fri Feb 28 08:13:51 2020 Connect to SID ds3 failed when trying to send data. Msg: TCP Connection failed!
Fri Feb 28 08:13:56 2020 Connect to SID ds3 failed when trying to send data. Msg: TCP Connection failed!
Fri Feb 28 08:14:01 2020 Connect to SID ds3 failed when trying to send data. Msg: TCP Connection failed!
Fri Feb 28 08:14:06 2020 Connect to SID ds3 failed when trying to send data. Msg: TCP Connection failed!
Fri Feb 28 08:14:11 2020 Connect to SID ds3 failed when trying to send data. Msg: TCP Connection failed!
Fri Feb 28 08:14:16 2020 Connect to SID ds3 failed when trying to send data. Msg: TCP Connection failed!
Fri Feb 28 08:14:21 2020 Connect to SID ds3 failed when trying to send data. Msg: TCP Connection failed!
Fri Feb 28 08:14:26 2020 Connect to SID ds3 failed when trying to send data. Msg: TCP Connection failed!
Fri Feb 28 08:14:31 2020 Connect to SID ds3 failed when trying to send data. Msg: TCP Connection failed!
Fri Feb 28 08:14:36 2020 Connect to SID ds3 failed when trying to send data. Msg: TCP Connection failed!
Fri Feb 28 08:14:41 2020 Connect to SID ds3 failed when trying to send data. Msg: TCP Connection failed!
Fri Feb 28 08:14:46 2020 Connect to SID ds3 failed when trying to send data. Msg: TCP Connection failed!
Fri Feb 28 08:14:51 2020 Connect to SID ds3 failed when trying to send data. Msg: TCP Connection failed!
Fri Feb 28 08:14:56 2020 Connect to SID ds3 failed when trying to send data. Msg: TCP Connection failed!
Fri Feb 28 08:15:01 2020 Connect to SID ds3 failed when trying to send data. Msg: TCP Connection failed!
Fri Feb 28 08:15:06 2020 Connect to SID ds3 failed when trying to send data. Msg: TCP Connection failed!
Fri Feb 28 08:15:11 2020 Connect to SID ds3 failed when trying to send data. Msg: TCP Connection failed!
Fri Feb 28 08:15:16 2020 Connect to SID ds3 failed when trying to send data. Msg: TCP Connection failed!
Fri Feb 28 08:15:21 2020 Connect to SID ds3 failed when trying to send data. Msg: TCP Connection failed!
Fri Feb 28 08:15:26 2020 Connect to SID ds3 failed when trying to send data. Msg: TCP Connection failed!
Fri Feb 28 08:15:31 2020 Connect to SID ds3 failed when trying to send data. Msg: TCP Connection failed!
Fri Feb 28 08:15:36 2020 Connect to SID ds3 failed when trying to send data. Msg: TCP Connection failed!
Fri Feb 28 08:15:41 2020 Connect to SID ds3 failed when trying to send data. Msg: TCP Connection failed!
Fri Feb 28 08:17:17 2020 Connect to SID ds3 failed when trying to send data. Msg: TCP Connection failed!
